<?xml version="1.0" encoding="UTF-8"?>
<!-- Generated by org.testng.reporters.JUnitReportReporter -->
<testsuite hostname="SAVADE" failures="0" tests="1" name="NewDemoTestNG.JSExecutor" time="27.595" errors="0" timestamp="2025-07-09T12:23:02 CDT" skipped="0">
  <testcase classname="NewDemoTestNG.JSExecutor" name="scrollandpagetitle" time="27.595"/>
</testsuite> <!-- NewDemoTestNG.JSExecutor -->
