<?xml version="1.0" encoding="UTF-8"?>
<!-- Generated by org.testng.reporters.JUnitReportReporter -->
<testsuite hostname="SAVADE" failures="0" tests="1" name="NewDemoTestNG.JSExecutor" time="7.513" errors="0" timestamp="2025-07-08T10:04:11 CDT" skipped="0">
  <testcase classname="NewDemoTestNG.JSExecutor" name="scrollandpagetitle" time="7.513"/>
</testsuite> <!-- NewDemoTestNG.JSExecutor -->
