<?xml version="1.0" encoding="UTF-8"?>
<!-- Generated by org.testng.reporters.JUnitReportReporter -->
<testsuite hostname="SAVADE" failures="0" tests="1" name="NewDemoTestNG.ImplicitWait" time="8.275" errors="0" timestamp="2025-07-08T13:35:04 CDT" skipped="0">
  <testcase classname="NewDemoTestNG.ImplicitWait" name="testImplicitWait" time="8.275"/>
</testsuite> <!-- NewDemoTestNG.ImplicitWait -->
