<?xml version="1.0" encoding="UTF-8"?>
<!-- Generated by org.testng.reporters.JUnitReportReporter -->
<testsuite hostname="SAVADE" failures="0" tests="2" name="NewDemoTestNG.DynamicWait" time="22.331" errors="0" timestamp="2025-07-08T13:38:07 CDT" skipped="0">
  <testcase classname="NewDemoTestNG.DynamicWait" name="FluentWaitMethod" time="15.328"/>
  <testcase classname="NewDemoTestNG.DynamicWait" name="DynamicWaitMethod" time="7.003"/>
</testsuite> <!-- NewDemoTestNG.DynamicWait -->
